2024-02-24 16:18:23,136 INFO:main.py:243:print_splash_screen:PDB2PQR v3.4.1: biomolecular structure conversion software.
2024-02-24 16:18:23,136 INFO:main.py:245:print_splash_screen:Please cite:  Jurrus E, et al.  Improvements to the APBS biomolecular solvation software suite.  Protein Sci 27 112-128 (2018).
2024-02-24 16:18:23,136 INFO:main.py:245:print_splash_screen:Please cite:  Dolinsky TJ, et al.  PDB2PQR: expanding and upgrading automated preparation of biomolecular structures for molecular simulations. Nucleic Acids Res 35 W522-W525 (2007).
2024-02-24 16:18:23,136 INFO:main.py:750:main_driver:Checking and transforming input arguments.
2024-02-24 16:18:23,137 INFO:main.py:754:main_driver:Loading topology files.
2024-02-24 16:18:23,195 INFO:main.py:756:main_driver:Loading molecule: 1fin_PROT.pdb
2024-02-24 16:18:23,219 INFO:main.py:759:main_driver:Dropping water from structure.
2024-02-24 16:18:23,222 INFO:main.py:761:main_driver:Setting up molecule.
2024-02-24 16:18:23,245 INFO:main.py:411:setup_molecule:Created biomolecule object with 298 residues and 4848 atoms.
2024-02-24 16:18:23,246 INFO:main.py:765:main_driver:Setting termini states for biomolecule chains.
2024-02-24 16:18:23,254 INFO:main.py:604:non_trivial:Loading forcefield.
2024-02-24 16:18:23,262 INFO:main.py:608:non_trivial:Loading hydrogen topology definitions.
2024-02-24 16:18:23,265 INFO:main.py:462:is_repairable:This biomolecule is clean.  No repair needed.
2024-02-24 16:18:23,265 INFO:main.py:623:non_trivial:Updating disulfide bridges.
2024-02-24 16:18:23,265 INFO:main.py:626:non_trivial:Debumping biomolecule.
2024-02-24 16:18:23,349 INFO:main.py:643:non_trivial:Adding hydrogens to biomolecule.
2024-02-24 16:18:23,350 INFO:main.py:646:non_trivial:Debumping biomolecule (again).
2024-02-24 16:18:23,432 INFO:main.py:648:non_trivial:Optimizing hydrogen bonds
2024-02-24 16:18:23,983 INFO:main.py:660:non_trivial:Applying force field to biomolecule states.
2024-02-24 16:18:23,987 INFO:main.py:698:non_trivial:Applying custom naming scheme (amber).
2024-02-24 16:18:23,990 INFO:main.py:704:non_trivial:Regenerating headers.
2024-02-24 16:18:23,990 INFO:main.py:729:non_trivial:Regenerating PDB lines.
2024-02-24 16:18:24,013 WARNING:main.py:314:print_pqr:Ignoring 464 header lines in output.
2024-02-24 16:18:24,039 WARNING:main.py:357:print_pdb:Ignoring 464 header lines in output.
